#
# There is insufficient memory for the Java Runtime Environment to continue.
# Native memory allocation (mmap) failed to map 262144000 bytes for G1 virtual space
# Possible reasons:
#   The system is out of physical RAM or swap space
#   The process is running with CompressedOops enabled, and the Java Heap may be blocking the growth of the native heap
# Possible solutions:
#   Reduce memory load on the system
#   Increase physical memory or swap space
#   Check if swap backing store is full
#   Decrease Java heap size (-Xmx/-Xms)
#   Decrease number of Java threads
#   Decrease Java thread stack sizes (-Xss)
#   Set larger code cache with -XX:ReservedCodeCacheSize=
#   JVM is running with Zero Based Compressed Oops mode in which the Java heap is
#     placed in the first 32GB address space. The Java Heap base address is the
#     maximum limit for the native heap growth. Please use -XX:HeapBaseMinAddress
#     to set the Java Heap base and to place the Java Heap above 32GB virtual address.
# This output file may be truncated or incomplete.
#
#  Out of Memory Error (./open/src/hotspot/os/windows/os_windows.cpp:3321), pid=2208, tid=35536
#
# JRE version:  (15.0.2+7) (build )
# Java VM: Java HotSpot(TM) 64-Bit Server VM (15.0.2+7-27, mixed mode, sharing, tiered, compressed oops, g1 gc, windows-amd64)
# No core dump will be written. Minidumps are not enabled by default on client versions of Windows
#

---------------  S U M M A R Y ------------

Command Line: -Dfile.encoding=Cp1252 Main

Host: Intel(R) Core(TM) i7-8750H CPU @ 2.20GHz, 12 cores, 15G,  Windows 10 , 64 bit Build 19041 (10.0.19041.292)
Time: Tue Feb 16 23:35:22 2021 US Eastern Standard Time elapsed time: 0.013004 seconds (0d 0h 0m 0s)

---------------  T H R E A D  ---------------

Current thread (0x0000023de253f2e0):  JavaThread "Unknown thread" [_thread_in_vm, id=35536, stack(0x00000041d6d00000,0x00000041d6e00000)]

Stack: [0x00000041d6d00000,0x00000041d6e00000]
Native frames: (J=compiled Java code, j=interpreted, Vv=VM code, C=native code)
V  [jvm.dll+0x62ae9a]
V  [jvm.dll+0x7817a9]
V  [jvm.dll+0x782f03]
V  [jvm.dll+0x783563]
V  [jvm.dll+0x216325]
V  [jvm.dll+0x6281d9]
V  [jvm.dll+0x61cf55]
V  [jvm.dll+0x2cffdd]
V  [jvm.dll+0x2cfe42]
V  [jvm.dll+0x2d5e1c]
V  [jvm.dll+0x32590a]
V  [jvm.dll+0x324fd4]
V  [jvm.dll+0x2a6f5a]
V  [jvm.dll+0x2a80f8]
V  [jvm.dll+0x75e241]
V  [jvm.dll+0x3341c4]
V  [jvm.dll+0x73e926]
V  [jvm.dll+0x3b7557]
V  [jvm.dll+0x3b8fe1]
C  [jli.dll+0x52fb]
C  [ucrtbase.dll+0x21542]
C  [KERNEL32.DLL+0x16fd4]
C  [ntdll.dll+0x4cec1]


---------------  P R O C E S S  ---------------

Threads class SMR info:
_java_thread_list=0x00007ff997394ff0, length=0, elements={
}

Java Threads: ( => current thread )

Other Threads:
  0x0000023de2590fd0 GCTaskThread "GC Thread#0" [stack: 0x00000041d6e00000,0x00000041d6f00000] [id=35784]
  0x0000023de25a2910 ConcurrentGCThread "G1 Main Marker" [stack: 0x00000041d6f00000,0x00000041d7000000] [id=2336]
  0x0000023de25a3bb0 ConcurrentGCThread "G1 Conc#0" [stack: 0x00000041d7000000,0x00000041d7100000] [id=21288]

[error occurred during error reporting (printing all threads), id 0xc0000005, EXCEPTION_ACCESS_VIOLATION (0xc0000005) at pc=0x00007ff996b87e27]

VM state: not at safepoint (not fully initialized)

VM Mutex/Monitor currently owned by a thread:  ([mutex/lock_event])
[0x0000023de253a520] Heap_lock - owner thread: 0x0000023de253f2e0

Heap address: 0x0000000707200000, size: 3982 MB, Compressed Oops mode: Zero based, Oop shift amount: 3
CDS archive(s) mapped at: [0x0000000000000000-0x0000000000000000-0x0000000000000000), size 0, SharedBaseAddress: 0x0000000800000000, ArchiveRelocationMode: 0.
Narrow klass base: 0x0000000000000000, Narrow klass shift: 0, Narrow klass range: 0x0

Heap:
 garbage-first heap   total 256000K, used 0K [0x0000000707200000, 0x0000000800000000)
  region size 2048K, 0 young (0K), 0 survivors (0K)
 Metaspace       used 0K, capacity 0K, committed 0K, reserved 0K
  class space    used 0K, capacity 0K, committed 0K, reserved 0K

Heap Regions: E=young(eden), S=young(survivor), O=old, HS=humongous(starts), HC=humongous(continues), CS=collection set, F=free, OA=open archive, CA=closed archive, TAMS=top-at-mark-start (previous, next)

Card table byte_map: [0x0000023dfa4b0000,0x0000023dfac80000] _byte_map_base: 0x0000023df6c77000

Marking Bits (Prev, Next): (CMBitMap*) 0x0000023de25926e0, (CMBitMap*) 0x0000023de2592720
 Prev Bits: [0x0000023dfb450000, 0x0000023dff288000)
 Next Bits: [0x0000023d80000000, 0x0000023d83e38000)

GC Heap History (0 events):
No events

Deoptimization events (0 events):
No events

Classes unloaded (0 events):
No events

Classes redefined (0 events):
No events

Internal exceptions (0 events):
No events

Events (1 events):
Event: 0.006 Loaded shared library C:\Program Files\Java\jdk-15.0.2\bin\java.dll


Dynamic libraries:
0x00007ff752ad0000 - 0x00007ff752adf000 	C:\Program Files\Java\jdk-15.0.2\bin\javaw.exe
0x00007ff9e7310000 - 0x00007ff9e7504000 	C:\WINDOWS\SYSTEM32\ntdll.dll
0x00007ff9e7160000 - 0x00007ff9e721d000 	C:\WINDOWS\System32\KERNEL32.DLL
0x00007ff9e4a90000 - 0x00007ff9e4d57000 	C:\WINDOWS\System32\KERNELBASE.dll
0x00007ff9e4dc0000 - 0x00007ff9e4ec0000 	C:\WINDOWS\System32\ucrtbase.dll
0x00007ff9e06c0000 - 0x00007ff9e06d8000 	C:\Program Files\Java\jdk-15.0.2\bin\jli.dll
0x00007ff9ded10000 - 0x00007ff9ded29000 	C:\Program Files\Java\jdk-15.0.2\bin\VCRUNTIME140.dll
0x00007ff9e69d0000 - 0x00007ff9e6a7a000 	C:\WINDOWS\System32\ADVAPI32.dll
0x00007ff9e63d0000 - 0x00007ff9e646e000 	C:\WINDOWS\System32\msvcrt.dll
0x00007ff9e67c0000 - 0x00007ff9e685b000 	C:\WINDOWS\System32\sechost.dll
0x00007ff9e60d0000 - 0x00007ff9e61f3000 	C:\WINDOWS\System32\RPCRT4.dll
0x00007ff9e6ef0000 - 0x00007ff9e7090000 	C:\WINDOWS\System32\USER32.dll
0x00007ff9d3f90000 - 0x00007ff9d422a000 	C:\WINDOWS\WinSxS\amd64_microsoft.windows.common-controls_6595b64144ccf1df_6.0.19041.1_none_b555e41d4684ddec\COMCTL32.dll
0x00007ff9e4a60000 - 0x00007ff9e4a82000 	C:\WINDOWS\System32\win32u.dll
0x00007ff9e6780000 - 0x00007ff9e67aa000 	C:\WINDOWS\System32\GDI32.dll
0x00007ff9e4ec0000 - 0x00007ff9e4fca000 	C:\WINDOWS\System32\gdi32full.dll
0x00007ff9e52e0000 - 0x00007ff9e537d000 	C:\WINDOWS\System32\msvcp_win.dll
0x00007ff9dafc0000 - 0x00007ff9dafca000 	C:\WINDOWS\SYSTEM32\VERSION.dll
0x00007ff9e6750000 - 0x00007ff9e6780000 	C:\WINDOWS\System32\IMM32.DLL
0x00007ff9e0520000 - 0x00007ff9e052c000 	C:\Program Files\Java\jdk-15.0.2\bin\vcruntime140_1.dll
0x00007ff9cdfc0000 - 0x00007ff9ce051000 	C:\Program Files\Java\jdk-15.0.2\bin\msvcp140.dll
0x00007ff9968d0000 - 0x00007ff99742e000 	C:\Program Files\Java\jdk-15.0.2\bin\server\jvm.dll
0x00007ff9e6260000 - 0x00007ff9e6268000 	C:\WINDOWS\System32\PSAPI.DLL
0x00007ff9bcdc0000 - 0x00007ff9bcdc9000 	C:\WINDOWS\SYSTEM32\WSOCK32.dll
0x00007ff9d43e0000 - 0x00007ff9d4407000 	C:\WINDOWS\SYSTEM32\WINMM.dll
0x00007ff9e6680000 - 0x00007ff9e66eb000 	C:\WINDOWS\System32\WS2_32.dll
0x00007ff9e28f0000 - 0x00007ff9e2903000 	C:\WINDOWS\SYSTEM32\kernel.appcore.dll
0x00007ff9d6150000 - 0x00007ff9d615a000 	C:\Program Files\Java\jdk-15.0.2\bin\jimage.dll
0x00007ff9cfa50000 - 0x00007ff9cfc34000 	C:\WINDOWS\SYSTEM32\DBGHELP.DLL
0x00007ff9ca840000 - 0x00007ff9ca86c000 	C:\WINDOWS\SYSTEM32\dbgcore.DLL
0x00007ff9e5260000 - 0x00007ff9e52df000 	C:\WINDOWS\System32\bcryptPrimitives.dll
0x00007ff9d60d0000 - 0x00007ff9d60f5000 	C:\Program Files\Java\jdk-15.0.2\bin\java.dll

dbghelp: loaded successfully - version: 4.0.5 - missing functions: none
symbol engine: initialized successfully - sym options: 0x614 - pdb path: .;C:\Program Files\Java\jdk-15.0.2\bin;C:\WINDOWS\SYSTEM32;C:\WINDOWS\WinSxS\amd64_microsoft.windows.common-controls_6595b64144ccf1df_6.0.19041.1_none_b555e41d4684ddec;C:\Program Files\Java\jdk-15.0.2\bin\server

VM Arguments:
jvm_args: -Dfile.encoding=Cp1252 
java_command: Main
java_class_path (initial): C:\Users\bartheic\git\230-project-navigation\bin;C:\Users\bartheic\git\230-project-navigation\lib\dom4j-1.6.1.jar;C:\Users\bartheic\git\230-project-navigation\lib\poi-3.8-20120326.jar;C:\Users\bartheic\git\230-project-navigation\lib\poi-examples-3.8-20120326.jar;C:\Users\bartheic\git\230-project-navigation\lib\poi-excelant-3.8-20120326.jar;C:\Users\bartheic\git\230-project-navigation\lib\poi-ooxml-3.8-20120326.jar;C:\Users\bartheic\git\230-project-navigation\lib\poi-ooxml-schemas-3.8-20120326.jar;C:\Users\bartheic\git\230-project-navigation\lib\poi-scratchpad-3.8-20120326.jar;C:\Users\bartheic\git\230-project-navigation\lib\xmlbeans-2.3.0.jar
Launcher Type: SUN_STANDARD

[Global flags]
     intx CICompilerCount                          = 4                                         {product} {ergonomic}
     uint ConcGCThreads                            = 3                                         {product} {ergonomic}
     uint G1ConcRefinementThreads                  = 10                                        {product} {ergonomic}
   size_t G1HeapRegionSize                         = 2097152                                   {product} {ergonomic}
    uintx GCDrainStackTargetSize                   = 64                                        {product} {ergonomic}
   size_t InitialHeapSize                          = 262144000                                 {product} {ergonomic}
   size_t MarkStackSize                            = 4194304                                   {product} {ergonomic}
   size_t MaxHeapSize                              = 4175429632                                {product} {ergonomic}
   size_t MinHeapDeltaBytes                        = 2097152                                   {product} {ergonomic}
   size_t MinHeapSize                              = 8388608                                   {product} {ergonomic}
    uintx NonNMethodCodeHeapSize                   = 5839372                                {pd product} {ergonomic}
    uintx NonProfiledCodeHeapSize                  = 122909434                              {pd product} {ergonomic}
    uintx ProfiledCodeHeapSize                     = 122909434                              {pd product} {ergonomic}
    uintx ReservedCodeCacheSize                    = 251658240                              {pd product} {ergonomic}
     bool SegmentedCodeCache                       = true                                      {product} {ergonomic}
   size_t SoftMaxHeapSize                          = 4175429632                             {manageable} {ergonomic}
     bool UseCompressedClassPointers               = true                                 {lp64_product} {ergonomic}
     bool UseCompressedOops                        = true                                 {lp64_product} {ergonomic}
     bool UseG1GC                                  = true                                      {product} {ergonomic}
     bool UseLargePagesIndividualAllocation        = false                                  {pd product} {ergonomic}

Logging:
Log output configuration:
 #0: stdout all=warning uptime,level,tags
 #1: stderr all=off uptime,level,tags

Environment Variables:
PATH=C:\Program Files\Common Files\Oracle\Java\javapath;C:\Program Files\Python38\Scripts\;C:\Program Files\Python38\;C:\Program Files (x86)\NVIDIA Corporation\PhysX\Common;C:\Program Files\VanDyke Software\Clients\;C:\WINDOWS\system32;C:\WINDOWS;C:\WINDOWS\System32\Wbem;C:\WINDOWS\System32\WindowsPowerShell\v1.0\;C:\WINDOWS\System32\OpenSSH\;C:\Program Files\Intel\WiFi\bin\;C:\Program Files\Common Files\Intel\WirelessCommon\;C:\Program Files\Microsoft VS Code\bin;C:\Program Files\Microsoft SQL Server\Client SDK\ODBC\110\Tools\Binn\;C:\Program Files (x86)\Microsoft SQL Server\120\Tools\Binn\;C:\Program Files\Microsoft SQL Server\120\Tools\Binn\;C:\Program Files\Microsoft SQL Server\120\DTS\Binn\;C:\Program Files (x86)\Windows Kits\8.1\Windows Performance Toolkit\;c:\Program Files\MATLAB\R2019a\runtime\win64;c:\Program Files\MATLAB\R2019a\bin;C:\Program Files\Git\cmd;C:\Program Files (x86)\Microsoft SQL Server\150\DTS\Binn\;C:\Program Files\Azure Data Studio\bin;C:\Users\bartheic\AppData\Local\Microsoft\WindowsApps;C:\Users\bartheic\AppData\Local\GitHubDesktop\bin;%USERPROFILE%\AppData\Local\Microsoft\WindowsApps;
USERNAME=bartheic
OS=Windows_NT
PROCESSOR_IDENTIFIER=Intel64 Family 6 Model 158 Stepping 10, GenuineIntel



---------------  S Y S T E M  ---------------

OS:
 Windows 10 , 64 bit Build 19041 (10.0.19041.292)
OS uptime: 6 days 15:39 hours

CPU: total 12 (initial active 12) (6 cores per cpu, 2 threads per core) family 6 model 158 stepping 10 microcode 0xb4, cmov, cx8, fxsr, mmx, sse, sse2, sse3, ssse3, sse4.1, sse4.2, popcnt, vzeroupper, avx, avx2, aes, clmul, erms, 3dnowpref, lzcnt, ht, tsc, tscinvbit, bmi1, bmi2, adx, fma, clflush, clflushopt

Memory: 4k page, system-wide physical 15920M (3220M free)
TotalPageFile size 33744M (AvailPageFile size 202M)
current process WorkingSet (physical memory assigned to process): 10M, peak: 10M
current process commit charge ("private bytes"): 64M, peak: 314M

vm_info: Java HotSpot(TM) 64-Bit Server VM (15.0.2+7-27) for windows-amd64 JRE (15.0.2+7-27), built on Dec  7 2020 20:07:01 by "mach5one" with unknown MS VC++:1925

END.
